ter 27 jan 2026 22:32:24 -04: Queridômetro executado
qua 28 jan 2026 18:33:15 -04: Queridômetro executado
qua 28 jan 2026 18:38:57 -04: Queridômetro executado
qua 28 jan 2026 18:44:02 -04: Queridômetro executado
qua 28 jan 2026 18:44:26 -04: Queridômetro executado
qua 28 jan 2026 18:48:32 -04: Queridômetro executado
qua 28 jan 2026 18:49:42 -04: Queridômetro executado
qua 28 jan 2026 18:50:20 -04: Queridômetro executado
qua 28 jan 2026 18:54:02 -04: Queridômetro executado
qua 28 jan 2026 18:54:29 -04: Queridômetro executado
qua 28 jan 2026 18:58:43 -04: Queridômetro executado
qua 28 jan 2026 19:00:01 -04: Queridômetro executado
qua 28 jan 2026 19:29:51 -04: Queridômetro executado
qua 28 jan 2026 19:37:20 -04: Queridômetro executado
qua 28 jan 2026 19:51:08 -04: Queridômetro executado
qua 28 jan 2026 19:54:49 -04: Queridômetro executado
qua 28 jan 2026 19:57:02 -04: Queridômetro executado
qua 28 jan 2026 20:08:13 -04: Queridômetro executado
qua 28 jan 2026 20:14:13 -04: Queridômetro executado
qua 28 jan 2026 20:16:32 -04: Queridômetro executado
qua 28 jan 2026 20:19:00 -04: Queridômetro executado
qua 28 jan 2026 20:20:11 -04: Queridômetro executado
qua 28 jan 2026 20:26:33 -04: Queridômetro executado
qua 28 jan 2026 23:58:37 -04: Queridômetro executado
qui 29 jan 2026 00:15:56 -04: Queridômetro executado
qui 29 jan 2026 00:28:52 -04: Queridômetro executado
qui 29 jan 2026 00:29:28 -04: Queridômetro executado
qui 29 jan 2026 15:56:16 -04: Queridômetro executado
sáb 31 jan 2026 00:05:46 -04: Queridômetro executado
sáb 31 jan 2026 00:07:41 -04: Queridômetro executado
sáb 31 jan 2026 00:08:56 -04: Queridômetro executado
sáb 31 jan 2026 01:27:05 -04: Queridômetro executado
sáb 31 jan 2026 13:59:36 -04: Queridômetro executado
dom 01 fev 2026 18:27:00 -04: Queridômetro executado
ter 03 fev 2026 14:56:05 -04: Queridômetro executado
qua 04 fev 2026 05:16:31 -04: Queridômetro executado
qua 04 fev 2026 12:16:41 -04: Queridômetro executado
qui 05 fev 2026 14:32:14 -04: Queridômetro executado
sex 06 fev 2026 18:25:40 -04: Queridômetro executado
sáb 07 fev 2026 14:10:22 -04: Queridômetro executado
dom 08 fev 2026 14:22:18 -04: Queridômetro executado
seg 09 fev 2026 18:43:42 -04: Queridômetro executado
ter 10 fev 2026 11:57:37 -04: Queridômetro executado
qua 11 fev 2026 12:15:23 -04: Queridômetro executado
qui 12 fev 2026 14:52:10 -04: Queridômetro executado
sex 13 fev 2026 14:24:04 -04: Queridômetro executado
sáb 14 fev 2026 00:14:52 -04: Queridômetro executado
sáb 14 fev 2026 14:38:39 -04: Queridômetro executado
sáb 14 fev 2026 14:41:51 -04: Queridômetro executado
dom 15 fev 2026 23:40:56 -04: Queridômetro executado
seg 16 fev 2026 23:10:28 -04: Queridômetro executado
qui 19 fev 2026 03:09:22 -04: Queridômetro executado
qui 19 fev 2026 23:45:24 -04: Queridômetro executado
sex 20 fev 2026 21:38:19 -04: Queridômetro executado
seg 23 fev 2026 11:52:13 -04: Queridômetro executado
qua 25 fev 2026 23:52:08 -04: Queridômetro executado
qui 26 fev 2026 21:55:30 -04: Queridômetro executado
qui 26 fev 2026 23:10:49 -04: Queridômetro executado
sex 27 fev 2026 21:27:23 -04: Queridômetro executado
dom 01 mar 2026 01:30:24 -04: Queridômetro executado
sáb 07 mar 2026 01:18:09 -04: Queridômetro executado
sáb 07 mar 2026 12:07:24 -04: Queridômetro executado
seg 09 mar 2026 15:34:50 -04: Queridômetro executado
ter 10 mar 2026 17:02:11 -04: Queridômetro executado
ter 10 mar 2026 22:52:16 -04: Queridômetro executado
qua 11 mar 2026 12:21:35 -04: Queridômetro executado
qua 11 mar 2026 13:25:53 -04: Queridômetro executado
qui 12 mar 2026 11:59:26 -04: Queridômetro executado
qui 12 mar 2026 12:23:16 -04: Queridômetro executado
qui 12 mar 2026 12:27:02 -04: Queridômetro executado
qui 12 mar 2026 12:29:05 -04: Queridômetro executado
sáb 14 mar 2026 01:42:01 -04: Queridômetro executado
sáb 14 mar 2026 12:10:46 -04: Queridômetro executado
dom 15 mar 2026 19:57:10 -04: Queridômetro executado
seg 16 mar 2026 16:53:49 -04: Queridômetro executado
ter 17 mar 2026 12:04:23 -04: Queridômetro executado
ter 17 mar 2026 22:51:35 -04: Queridômetro executado
qua 18 mar 2026 14:58:05 -04: Queridômetro executado
qui 19 mar 2026 13:16:16 -04: Queridômetro executado
sex 20 mar 2026 21:23:16 -04: Queridômetro executado
sáb 21 mar 2026 13:45:52 -04: Queridômetro executado
dom 22 mar 2026 15:58:10 -04: Queridômetro executado
seg 23 mar 2026 11:51:31 -04: Queridômetro executado
ter 24 mar 2026 17:24:08 -04: Queridômetro executado
qua 25 mar 2026 01:13:22 -04: Queridômetro executado
qua 25 mar 2026 10:31:42 -04: Queridômetro executado
qua 25 mar 2026 12:20:21 -04: Queridômetro executado
qua 25 mar 2026 12:48:32 -04: Queridômetro executado
qui 26 mar 2026 12:44:26 -04: Queridômetro executado
sex 27 mar 2026 16:52:28 -04: Queridômetro executado
sáb 28 mar 2026 10:39:23 -04: Queridômetro executado
dom 29 mar 2026 13:03:24 -04: Queridômetro executado
dom 29 mar 2026 13:04:10 -04: Queridômetro executado
seg 30 mar 2026 13:23:03 -04: Queridômetro executado
ter 31 mar 2026 10:29:13 -04: Queridômetro executado
qua 01 abr 2026 10:49:48 -04: Queridômetro executado
qui 02 abr 2026 10:44:54 -04: Queridômetro executado
sex 03 abr 2026 11:37:45 -04: Queridômetro executado
sáb 04 abr 2026 13:14:38 -04: Queridômetro executado
dom 05 abr 2026 12:36:04 -04: Queridômetro executado
seg 06 abr 2026 13:34:27 -04: Queridômetro executado
seg 06 abr 2026 13:35:41 -04: Queridômetro executado
seg 06 abr 2026 16:13:22 -04: Queridômetro executado
seg 06 abr 2026 21:16:05 -04: Queridômetro executado
ter 07 abr 2026 00:35:37 -04: Queridômetro executado
ter 07 abr 2026 14:13:00 -04: Queridômetro executado
qua 08 abr 2026 11:33:30 -04: Queridômetro executado
qui 09 abr 2026 13:28:36 -04: Queridômetro executado
qui 09 abr 2026 13:40:06 -04: Queridômetro executado
qui 09 abr 2026 15:01:30 -04: Queridômetro executado
qui 09 abr 2026 15:05:24 -04: Queridômetro executado
qui 09 abr 2026 20:59:56 -04: Queridômetro executado
qui 09 abr 2026 21:05:34 -04: Queridômetro executado
qui 09 abr 2026 22:52:42 -04: Queridômetro executado
sex 10 abr 2026 10:17:37 -04: Queridômetro executado
sáb 11 abr 2026 11:10:25 -04: Queridômetro executado
